\BOOKMARK [0][-]{chapter*.9}{\376\377\000I\000n\000t\000r\000o\000d\000u\000c\000t\000i\000o\000n}{}% 1
\BOOKMARK [1][-]{section.0.1}{\376\377\000T\000h\000e\000\040\000p\000h\000y\000s\000i\000c\000s\000\040\000o\000f\000\040\000e\000l\000e\000m\000e\000n\000t\000a\000r\000y\000\040\000p\000a\000r\000t\000i\000c\000l\000e\000s}{chapter*.9}% 2
\BOOKMARK [2][-]{subsection.0.1.1}{\376\377\000T\000h\000e\000\040\000S\000t\000a\000n\000d\000a\000r\000d\000\040\000M\000o\000d\000e\000l}{section.0.1}% 3
\BOOKMARK [2][-]{subsection.0.1.2}{\376\377\000\050\000I\000n\000\051\000c\000o\000m\000p\000l\000e\000t\000e\000n\000e\000s\000s\000\040\000o\000f\000\040\000t\000h\000e\000\040\000S\000t\000a\000n\000d\000a\000r\000d\000\040\000M\000o\000d\000e\000l}{section.0.1}% 4
\BOOKMARK [2][-]{subsection.0.1.3}{\376\377\000P\000a\000r\000t\000i\000c\000l\000e\000\040\000p\000h\000y\000s\000i\000c\000s\000\040\000e\000x\000p\000e\000r\000i\000m\000e\000n\000t\000s}{section.0.1}% 5
\BOOKMARK [1][-]{section.0.2}{\376\377\000T\000h\000e\000s\000i\000s\000\040\000g\000o\000a\000l\000s}{chapter*.9}% 6
\BOOKMARK [1][-]{section.0.3}{\376\377\000T\000e\000c\000h\000n\000i\000c\000a\000l\000\040\000a\000n\000d\000\040\000n\000o\000t\000a\000t\000i\000o\000n\000a\000l\000\040\000c\000o\000n\000v\000e\000n\000t\000i\000o\000n\000s}{chapter*.9}% 7
\BOOKMARK [0][-]{chapter.1}{\376\377\000C\000h\000a\000p\000t\000e\000r\000\040\0001\000:\000\040\000Q\000C\000D\000,\000\040\000j\000e\000t\000\040\000g\000r\000o\000o\000m\000i\000n\000g\000,\000\040\000a\000n\000d\000\040\000S\000C\000E\000T}{}% 8
\BOOKMARK [1][-]{section.1.1}{\376\377\000Q\000u\000a\000n\000t\000u\000m\000\040\000C\000h\000r\000o\000m\000o\000d\000y\000n\000a\000m\000i\000c\000s\000\040\000\050\000Q\000C\000D\000\051}{chapter.1}% 9
\BOOKMARK [1][-]{section.1.2}{\376\377\000J\000e\000t\000s}{chapter.1}% 10
\BOOKMARK [1][-]{section.1.3}{\376\377\000m\000M\000D\000T\000\040\000G\000r\000o\000o\000m\000i\000n\000g}{chapter.1}% 11
\BOOKMARK [1][-]{section.1.4}{\376\377\000S\000o\000f\000t\000\040\000C\000o\000l\000l\000i\000n\000e\000a\000r\000\040\000E\000f\000f\000e\000c\000t\000i\000v\000e\000\040\000T\000h\000e\000o\000r\000y\000\040\000\050\000S\000C\000E\000T\000\051}{chapter.1}% 12
\BOOKMARK [0][-]{chapter.2}{\376\377\000C\000h\000a\000p\000t\000e\000r\000\040\0002\000:\000\040\000L\000e\000a\000d\000i\000n\000g\000-\000o\000r\000d\000e\000r\000\040\000c\000a\000l\000c\000u\000l\000a\000t\000i\000o\000n}{}% 13
\BOOKMARK [1][-]{section.2.1}{\376\377\000S\000e\000t\000u\000p}{chapter.2}% 14
\BOOKMARK [1][-]{section.2.2}{\376\377\000D\000i\000m\000e\000n\000s\000i\000o\000n\000a\000l\000\040\000r\000e\000g\000u\000l\000a\000r\000i\000z\000a\000t\000i\000o\000n}{chapter.2}% 15
\BOOKMARK [1][-]{section.2.3}{\376\377\000P\000u\000t\000t\000i\000n\000g\000\040\000i\000t\000\040\000a\000l\000l\000\040\000t\000o\000g\000e\000t\000h\000e\000r}{chapter.2}% 16
\BOOKMARK [0][-]{chapter.3}{\376\377\000C\000h\000a\000p\000t\000e\000r\000\040\0003\000:\000\040\000F\000a\000c\000t\000o\000r\000i\000z\000a\000t\000i\000o\000n\000\040\000f\000o\000r\000m\000u\000l\000a}{}% 17
\BOOKMARK [1][-]{section.3.1}{\376\377\000S\000e\000t\000u\000p}{chapter.3}% 18
\BOOKMARK [1][-]{section.3.2}{\376\377\000P\000o\000w\000e\000r\000\040\000c\000o\000u\000n\000t\000i\000n\000g}{chapter.3}% 19
\BOOKMARK [2][-]{subsection.3.2.1}{\376\377\000R\000e\000s\000o\000l\000v\000e\000d\000\040\000s\000o\000f\000t\000\040\000e\000m\000i\000s\000s\000i\000o\000n}{section.3.2}% 20
\BOOKMARK [2][-]{subsection.3.2.2}{\376\377\000U\000n\000g\000r\000o\000o\000m\000e\000d\000\040\000e\000x\000t\000r\000a\000-\000s\000o\000f\000t\000\040\000u\000n\000r\000e\000s\000o\000l\000v\000e\000d\000\040\000r\000a\000d\000i\000a\000t\000i\000o\000n}{section.3.2}% 21
\BOOKMARK [2][-]{subsection.3.2.3}{\376\377\000G\000r\000o\000o\000m\000e\000d\000\040\000s\000o\000f\000t\000\040\000r\000a\000d\000i\000a\000t\000i\000o\000n}{section.3.2}% 22
\BOOKMARK [2][-]{subsection.3.2.4}{\376\377\000C\000o\000l\000l\000i\000n\000e\000a\000r\000\040\000r\000a\000d\000i\000a\000t\000i\000o\000n}{section.3.2}% 23
\BOOKMARK [1][-]{section.3.3}{\376\377\000F\000a\000c\000t\000o\000r\000i\000z\000a\000t\000i\000o\000n}{chapter.3}% 24
\BOOKMARK [0][-]{chapter.4}{\376\377\000C\000h\000a\000p\000t\000e\000r\000\040\0004\000:\000\040\000A\000l\000l\000-\000o\000r\000d\000e\000r\000s\000\040\000c\000a\000l\000c\000u\000l\000a\000t\000i\000o\000n}{}% 25
\BOOKMARK [0][-]{chapter*.10}{\376\377\000C\000o\000n\000c\000l\000u\000s\000i\000o\000n}{}% 26
\BOOKMARK [0][-]{chapter*.11}{\376\377\000R\000e\000f\000e\000r\000e\000n\000c\000e\000s}{}% 27
